<?xml version="1.0" encoding="UTF-8"?>
<testng-results ignored="0" total="1" passed="1" failed="0" skipped="0">
  <reporter-output>
  </reporter-output>
  <suite started-at="2023-10-05T10:41:38 IST" name="Default suite" finished-at="2023-10-05T10:41:38 IST" duration-ms="97">
    <groups>
    </groups>
    <test started-at="2023-10-05T10:41:38 IST" name="Default test" finished-at="2023-10-05T10:41:38 IST" duration-ms="97">
      <class name="Test_vag.Test1">
        <test-method signature="maxGSTamount()[pri:0, instance:Test_vag.Test1@1de76cc7]" started-at="2023-10-05T10:41:38 IST" name="maxGSTamount" finished-at="2023-10-05T10:41:38 IST" duration-ms="14" status="PASS">
          <reporter-output>
          </reporter-output>
        </test-method> <!-- maxGSTamount -->
      </class> <!-- Test_vag.Test1 -->
    </test> <!-- Default test -->
  </suite> <!-- Default suite -->
</testng-results>
